<?xml version="1.0" encoding="UTF-8"?>
<testng-results ignored="0" total="3" passed="3" failed="0" skipped="0">
  <reporter-output>
    <line>
      <![CDATA[hello selenium]]>
    </line>
    <line>
      <![CDATA[hello    java]]>
    </line>
    <line>
      <![CDATA[Hello python]]>
    </line>
  </reporter-output>
  <suite started-at="2022-11-05T13:36:25 IST" name="Suite" finished-at="2022-11-05T13:36:25 IST" duration-ms="79">
    <groups>
    </groups>
    <test started-at="2022-11-05T13:36:25 IST" name="Test" finished-at="2022-11-05T13:36:25 IST" duration-ms="79">
      <class name="scripting.Test3">
        <test-method signature="tc3()[pri:0, instance:scripting.Test3@6c130c45]" started-at="2022-11-05T13:36:25 IST" name="tc3" finished-at="2022-11-05T13:36:25 IST" duration-ms="5" status="PASS">
          <reporter-output>
            <line>
              <![CDATA[Hello python]]>
            </line>
          </reporter-output>
        </test-method> <!-- tc3 -->
      </class> <!-- scripting.Test3 -->
      <class name="scripting.Test2">
        <test-method signature="tc2()[pri:0, instance:scripting.Test2@1ba9117e]" started-at="2022-11-05T13:36:25 IST" name="tc2" finished-at="2022-11-05T13:36:25 IST" duration-ms="10" status="PASS">
          <reporter-output>
            <line>
              <![CDATA[hello selenium]]>
            </line>
          </reporter-output>
        </test-method> <!-- tc2 -->
      </class> <!-- scripting.Test2 -->
      <class name="scripting.Test1">
        <test-method signature="tc1()[pri:0, instance:scripting.Test1@6a84a97d]" started-at="2022-11-05T13:36:25 IST" name="tc1" finished-at="2022-11-05T13:36:25 IST" duration-ms="2" status="PASS">
          <reporter-output>
            <line>
              <![CDATA[hello    java]]>
            </line>
          </reporter-output>
        </test-method> <!-- tc1 -->
      </class> <!-- scripting.Test1 -->
    </test> <!-- Test -->
  </suite> <!-- Suite -->
</testng-results>
